CSF Vars Analysis - Starting

                               Best           Mean      Stall
Generation      f-count        f(x)           f(x)    Generations
    1           300          0.4583          0.8135        0
    2           450          0.4526           0.699        0
    3           600          0.4583          0.6229        1
    4           750          0.4583           0.553        2
    5           900          0.4526          0.5113        0
    6          1050          0.4583           0.502        1
    7          1200          0.4583           0.508        2
    8          1350          0.4583          0.4993        3
    9          1500          0.4583          0.5147        4
   10          1650          0.4583           0.506        5
   11          1800          0.4526          0.4997        0
   12          1950          0.4565          0.4969        1
   13          2100          0.4526          0.4921        0
   14          2250          0.4583          0.4914        1
   15          2400          0.4526          0.4988        0
   16          2550          0.4583          0.4965        1
   17          2700          0.4565          0.4976        0
   18          2850          0.4583          0.4906        1
   19          3000          0.4583          0.4959        2
   20          3150          0.4565          0.5012        0
   21          3300          0.4526          0.5051        0
   22          3450          0.4583          0.5019        1
   23          3600          0.4583          0.4901        2
   24          3750          0.4583          0.4881        3
   25          3900          0.4583          0.5004        4
   26          4050          0.4583          0.5026        5
   27          4200          0.4526          0.4989        0
   28          4350          0.4526          0.4882        1
   29          4500          0.4583          0.4827        2
   30          4650          0.4583           0.483        3
Optimization terminated: maximum number of generations exceeded.
CSF Vars Analysis - Done
CSF Vars Analysis - Best Features : 
chromosome_csf =

     0     0     0     0     1     0     1     1

Elapsed time is 4612.506487 seconds.

AV45 Vars Analysis - Starting

                               Best           Mean      Stall
Generation      f-count        f(x)           f(x)    Generations
    1           300          0.4607          0.9601        0
    2           450          0.4651          0.8986        1
    3           600          0.4667          0.8251        2
    4           750          0.4667           0.721        3
    5           900          0.4545          0.6627        0
    6          1050          0.4651          0.6297        1
    7          1200          0.4651          0.6096        2
    8          1350          0.4588          0.5678        0
    9          1500          0.4505          0.5572        0
   10          1650          0.4505          0.5455        1
   11          1800          0.4505          0.5583        2
   12          1950          0.4725          0.5379        3
   13          2100          0.4483          0.5455        0
   14          2250          0.4607          0.5312        1
   15          2400          0.4713          0.5597        2
   16          2550          0.4444          0.5517        0
   17          2700          0.4545          0.5385        1
   18          2850          0.4505          0.5375        0
   19          3000          0.4607          0.5415        1
   20          3150          0.4483          0.5435        0
   21          3300          0.4444          0.5391        0
   22          3450          0.4409           0.544        0
   23          3600          0.4505          0.5528        1
   24          3750          0.4419          0.5479        0
   25          3900          0.4545          0.5389        1
   26          4050          0.4505          0.5518        0
   27          4200          0.4545          0.5407        1
   28          4350          0.4667          0.5514        2
   29          4500          0.4565           0.537        0
   30          4650          0.4419          0.5504        0
Optimization terminated: maximum number of generations exceeded.
AV45 Vars Analysis - Done
AV45 Vars Analysis - Best Features : 
chromosome_av45 =

     0     1     1     1     1     0     0     0

Elapsed time is 4343.879887 seconds.

FDG Vars Analysis - Starting

                               Best           Mean      Stall
Generation      f-count        f(x)           f(x)    Generations
    1           300          0.4286           0.666        0
    2           450          0.4211          0.6016        0
    3           600          0.4054          0.5587        0
    4           750          0.4054          0.5329        1
    5           900          0.3889          0.5084        0
    6          1050          0.4054          0.4947        1
    7          1200          0.4054           0.479        2
    8          1350          0.4133          0.4864        3
    9          1500          0.4054          0.4827        0
   10          1650          0.3889          0.4813        0
   11          1800             0.4          0.4826        1
   12          1950          0.3889          0.4872        0
   13          2100          0.3913          0.4842        1
   14          2250          0.3889          0.4687        0
   15          2400          0.3714          0.4716        0
   16          2550             0.4          0.4752        1
   17          2700          0.3824          0.4835        0
   18          2850          0.3889          0.4747        1
   19          3000          0.3889          0.4663        2
   20          3150          0.3784          0.4691        0
   21          3300          0.3803          0.4813        1
   22          3450          0.3803          0.4942        2
   23          3600          0.3947          0.4821        3
   24          3750          0.3699          0.4662        0
   25          3900          0.3803          0.4667        1
   26          4050          0.3867          0.4736        2
   27          4200          0.3803          0.4782        0
   28          4350          0.3889          0.4819        1
   29          4500          0.3867          0.4677        0
   30          4650          0.3623          0.4718        0
Optimization terminated: maximum number of generations exceeded.
FDG Vars Analysis - Done
FDG Vars Analysis - Best Features : 
chromosome_fdg =

     0     1     1     0     1     0     0     0     1

Elapsed time is 4776.774331 seconds.

BIOMARKERS Vars Analysis - Starting

                               Best           Mean      Stall
Generation      f-count        f(x)           f(x)    Generations
    1           300          0.3824          0.4789        0
    2           450          0.3867          0.4774        1
    3           600          0.3699          0.4779        0
    4           750          0.3731          0.4713        1
    5           900          0.3939          0.4808        2
    6          1050          0.3889          0.4702        0
    7          1200          0.3889          0.4711        1
    8          1350          0.3766           0.475        0
    9          1500          0.3623          0.4664        0
   10          1650          0.3521          0.4618        0
   11          1800          0.3521          0.4774        1
   12          1950          0.3623          0.4688        2
   13          2100          0.3333          0.4617        0
   14          2250          0.3784          0.4649        1
   15          2400          0.3429          0.4669        0
   16          2550          0.3611          0.4639        1
   17          2700          0.3429          0.4679        0
   18          2850          0.3429          0.4593        1
   19          3000          0.3433          0.4765        2
   20          3150          0.3433          0.4834        3
   21          3300          0.3143          0.4731        0
   22          3450          0.3699          0.4655        1
   23          3600          0.3529           0.459        0
   24          3750          0.3425          0.4716        0
   25          3900          0.3333          0.4675        0
   26          4050          0.3611          0.4771        1
   27          4200          0.3529            0.49        0
   28          4350          0.3521          0.4708        0
   29          4500          0.3143          0.4631        0
   30          4650          0.3514          0.4555        1

                               Best           Mean      Stall
Generation      f-count        f(x)           f(x)    Generations
   31          4800          0.3333          0.4566        0
   32          4950          0.3433          0.4701        1
   33          5100          0.3538          0.4595        2
   34          5250          0.3333          0.4586        0
   35          5400          0.3429          0.4746        1
   36          5550          0.3521          0.4761        2
   37          5700          0.3514           0.499        0
   38          5850          0.3425          0.4768        0
   39          6000          0.3333          0.4773        0
   40          6150          0.3438          0.4941        1
   41          6300          0.3521          0.4712        2
   42          6450            0.36          0.4837        3
   43          6600            0.36          0.4808        4
   44          6750          0.3433          0.4779        0
   45          6900          0.3433          0.4645        1
   46          7050          0.3433          0.4545        2
   47          7200          0.3521          0.4799        3
   48          7350          0.3239          0.4942        0
   49          7500          0.3425          0.4696        1
   50          7650          0.3529          0.4807        2
   51          7800          0.3333          0.5028        0
   52          7950          0.3333          0.5055        1
   53          8100          0.3421          0.4753        2
   54          8250          0.3514          0.4681        3
   55          8400          0.3333           0.478        0
   56          8550          0.3429          0.4691        1
   57          8700          0.3623          0.4768        2
   58          8850          0.3235          0.4839        0
   59          9000          0.3235          0.4771        1
   60          9150          0.3429          0.4658        2

                               Best           Mean      Stall
Generation      f-count        f(x)           f(x)    Generations
   61          9300          0.3623          0.4567        3
   62          9450          0.3239          0.4649        0
   63          9600          0.3333          0.4783        1
   64          9750          0.3425          0.4844        2
   65          9900          0.3429          0.4858        3
   66         10050          0.3333          0.4751        0
   67         10200          0.3521          0.4786        1
   68         10350          0.3333          0.4688        0
   69         10500          0.3425          0.4778        1
   70         10650          0.3611          0.4659        2
   71         10800          0.3433          0.4533        0
   72         10950          0.3429          0.4747        0
   73         11100          0.3429          0.4874        1
   74         11250          0.3425          0.4954        0
   75         11400          0.3425          0.5136        1
   76         11550          0.3239          0.4886        0
   77         11700          0.3333          0.5181        1
   78         11850          0.3333          0.5121        2
   79         12000          0.3429          0.4991        3
   80         12150          0.3239          0.4988        0
   81         12300          0.3333          0.5253        1
   82         12450          0.3333          0.5012        2
   83         12600          0.3333          0.4846        3
   84         12750          0.3521          0.4735        4
   85         12900          0.3529          0.4729        5
   86         13050          0.3521          0.4733        0
   87         13200          0.3521           0.491        1
   88         13350          0.3623          0.4706        2
   89         13500          0.3143          0.4738        0
   90         13650          0.3333          0.4728        1

                               Best           Mean      Stall
Generation      f-count        f(x)           f(x)    Generations
   91         13800          0.3514          0.4824        2
   92         13950            0.36          0.4957        3
   93         14100          0.3623          0.4607        4
   94         14250          0.3143          0.4563        0
   95         14400          0.3425          0.4657        1
   96         14550          0.3611          0.4715        2
   97         14700          0.3429          0.4617        0
   98         14850          0.3239          0.5018        0
   99         15000          0.3623           0.476        1
  100         15150          0.3425          0.4456        0
Optimization terminated: maximum number of generations exceeded.
BIOMARKERS Vars Analysis - Done
BIOMARKERS Vars Analysis - Best Features : 
chromosome_biomarker =

     0     0     0     1     0     1     1     0     0     1     0     0     1     1

Elapsed time is 15631.498345 seconds.

CSFAV45 Vars Analysis - Starting

                               Best           Mean      Stall
Generation      f-count        f(x)           f(x)    Generations
    1           300          0.4884          0.5617        0
    2           450          0.4884          0.5677        1
    3           600          0.4824          0.5569        0
    4           750          0.4884          0.5582        1
    5           900          0.4762          0.5566        0
    6          1050          0.4699          0.5539        0
    7          1200          0.4624          0.5679        0
    8          1350          0.4545          0.5635        0
    9          1500          0.4624          0.5749        1
   10          1650          0.4545          0.5521        0
   11          1800           0.475          0.5704        1
   12          1950          0.4565          0.5713        0
   13          2100          0.4588           0.573        1
   14          2250          0.4588          0.5517        2
   15          2400          0.4458          0.5595        0
   16          2550          0.4382          0.5718        0
   17          2700          0.4526          0.5704        1
   18          2850           0.439          0.5683        0
   19          3000          0.4382          0.5727        0
   20          3150          0.4545          0.5384        1
   21          3300          0.4286          0.5405        0
   22          3450          0.4565          0.5302        1
   23          3600          0.4444          0.5365        0
   24          3750          0.4588          0.5348        1
   25          3900          0.4651          0.5335        2
   26          4050          0.4419          0.5207        0
   27          4200          0.4419          0.5277        1
   28          4350          0.4588          0.5203        2
   29          4500          0.4588          0.5325        3
   30          4650          0.4524           0.529        0

                               Best           Mean      Stall
Generation      f-count        f(x)           f(x)    Generations
   31          4800          0.4468          0.5349        0
   32          4950          0.4505          0.5316        1
   33          5100          0.4286          0.5324        0
   34          5250          0.4483          0.5371        1
   35          5400           0.449          0.5338        2
   36          5550          0.4526          0.5423        3
   37          5700          0.4483          0.5653        0
   38          5850          0.4468          0.5514        0
   39          6000          0.4316          0.5508        0
   40          6150          0.4444          0.5408        1
   41          6300          0.4458          0.5373        2
   42          6450          0.4409          0.5282        0
   43          6600          0.4222           0.541        0
   44          6750          0.4409          0.5351        1
   45          6900          0.4066          0.5303        0
   46          7050          0.4419          0.5372        1
   47          7200          0.4409          0.5366        0
   48          7350          0.4409          0.5373        1
   49          7500          0.4468          0.5365        2
   50          7650          0.4348          0.5182        0
   51          7800          0.4255          0.5422        0
   52          7950          0.4286          0.5324        1
   53          8100          0.4409          0.5462        2
   54          8250          0.4409          0.5391        3
   55          8400          0.4194          0.5335        0
   56          8550          0.4316           0.529        1
   57          8700          0.4468          0.5397        2
   58          8850          0.4468          0.5504        3
   59          9000          0.4375          0.5371        0
   60          9150          0.4375           0.555        1

                               Best           Mean      Stall
Generation      f-count        f(x)           f(x)    Generations
   61          9300          0.4348          0.5407        0
   62          9450          0.4433          0.5395        1
   63          9600          0.4316           0.535        0
   64          9750          0.4409          0.5663        1
   65          9900          0.4255          0.5476        0
   66         10050          0.4526          0.5477        1
   67         10200          0.4286          0.5575        0
   68         10350          0.4444          0.5403        1
   69         10500          0.4468          0.5472        2
   70         10650          0.4157          0.5434        0
   71         10800          0.4316          0.5314        1
   72         10950          0.4348          0.5417        2
   73         11100          0.4468          0.5323        3
   74         11250          0.4255          0.5432        0
   75         11400          0.4409          0.5278        1
   76         11550          0.4409          0.5462        2
   77         11700          0.4316          0.5423        0
   78         11850          0.4505          0.5375        1
   79         12000          0.4468          0.5522        0
   80         12150          0.4409          0.5538        0
   81         12300          0.4468          0.5428        1
   82         12450          0.4375          0.5244        0
   83         12600          0.4316          0.5424        0
   84         12750          0.4255          0.5375        0
   85         12900          0.4255          0.5433        1
   86         13050          0.4286          0.5295        2
   87         13200           0.413          0.5262        0
   88         13350           0.449          0.5287        1
   89         13500          0.4433          0.5235        0
   90         13650          0.4483          0.5335        1

                               Best           Mean      Stall
Generation      f-count        f(x)           f(x)    Generations
   91         13800          0.4444          0.5305        0
   92         13950          0.4348          0.5252        0
   93         14100          0.4468          0.5321        1
   94         14250          0.4348          0.5246        0
   95         14400          0.4409          0.5304        1
   96         14550          0.4286          0.5207        0
   97         14700          0.4409          0.5338        1
   98         14850          0.4348          0.5291        0
   99         15000          0.4409          0.5227        1
  100         15150          0.4316          0.5328        0
Optimization terminated: maximum number of generations exceeded.
CSFAV45 Vars Analysis - Done
CSFAV45 Vars Analysis - Best Features : 
chromosome_csfav45 =

     0     0     1     1     1     1     1     1     1     0     1     0     1

Elapsed time is 15733.854730 seconds.

CSFFDG Vars Analysis - Starting

                               Best           Mean      Stall
Generation      f-count        f(x)           f(x)    Generations
    1           300          0.3867          0.7792        0
    2           450          0.3784          0.6742        0
    3           600          0.3784          0.5921        1
    4           750          0.3611           0.559        0
    5           900            0.36          0.5175        0
    6          1050          0.3425          0.4943        0
    7          1200          0.3521           0.473        1
    8          1350          0.3333          0.4754        0
    9          1500          0.3514          0.4893        1
   10          1650          0.3429          0.4668        0
   11          1800          0.3429          0.4573        1
   12          1950          0.3521           0.468        2
   13          2100          0.3521          0.4685        3
   14          2250          0.3333          0.4459        0
   15          2400          0.3056          0.4585        0
   16          2550          0.3333          0.4673        1
   17          2700          0.3239          0.4498        0
   18          2850          0.3333          0.4456        1
   19          3000          0.3425          0.4395        2
   20          3150          0.3239          0.4643        0
   21          3300          0.3425          0.4875        1
   22          3450          0.3333          0.4584        0
   23          3600          0.3429          0.4755        1
   24          3750          0.3514          0.4851        2
   25          3900          0.3623          0.4769        3
   26          4050          0.3514          0.4948        0
   27          4200          0.3521          0.4988        1
   28          4350          0.3333          0.4761        0
   29          4500          0.3333          0.4839        1
   30          4650            0.36          0.4506        2

                               Best           Mean      Stall
Generation      f-count        f(x)           f(x)    Generations
   31          4800          0.3429          0.4659        0
   32          4950          0.3425           0.457        0
   33          5100          0.3514          0.4758        1
   34          5250          0.3143          0.4922        0
   35          5400          0.3333          0.4836        1
   36          5550          0.3521          0.4793        2
   37          5700          0.3333           0.482        0
   38          5850          0.3521          0.4665        1
   39          6000          0.3333          0.4879        0
   40          6150          0.3333          0.4786        1
   41          6300          0.3521          0.4652        2
   42          6450          0.3333          0.4901        0
   43          6600          0.3231          0.4865        0
   44          6750          0.3514          0.4949        1
   45          6900          0.3433           0.453        0
   46          7050          0.3521          0.4683        1
   47          7200          0.3514          0.4738        0
   48          7350          0.3521          0.4811        1
   49          7500          0.3429          0.4672        0
   50          7650          0.3514          0.4756        1
   51          7800          0.3429          0.4796        0
   52          7950          0.3429          0.5078        1
   53          8100          0.3429          0.4889        2
   54          8250          0.3425          0.4903        0
   55          8400          0.3529          0.4897        1
   56          8550          0.3429          0.4956        0
   57          8700          0.3521          0.4939        1
   58          8850          0.3425          0.4933        0
   59          9000          0.3433          0.4996        1
   60          9150          0.3429           0.488        0

                               Best           Mean      Stall
Generation      f-count        f(x)           f(x)    Generations
   61          9300          0.3429          0.4615        1
   62          9450          0.3506          0.4783        2
   63          9600          0.3333          0.4685        0
   64          9750          0.3333          0.4811        1
   65          9900          0.3611           0.474        2
   66         10050          0.3239           0.488        0
   67         10200          0.3521          0.4942        1
   68         10350          0.3243          0.4775        0
   69         10500          0.3521          0.4804        1
   70         10650          0.3611          0.4882        2
   71         10800          0.3611          0.4835        3
   72         10950          0.3611          0.4811        4
   73         11100          0.3521          0.4697        0
   74         11250          0.3333          0.4593        0
   75         11400          0.3333          0.4671        1
   76         11550          0.3425          0.4429        2
   77         11700          0.3514          0.4643        3
   78         11850          0.3235          0.4608        0
   79         12000            0.36           0.466        1
   80         12150          0.3429          0.4607        0
   81         12300          0.3425          0.4602        0
   82         12450          0.3514          0.4583        1
   83         12600          0.3521          0.4389        2
   84         12750          0.3421           0.457        0
   85         12900          0.3333          0.4806        0
   86         13050          0.3514          0.4709        1
   87         13200          0.3235          0.4562        0
   88         13350          0.3333          0.4734        1
   89         13500          0.3514          0.4382        2
   90         13650          0.3333          0.4545        0

                               Best           Mean      Stall
Generation      f-count        f(x)           f(x)    Generations
   91         13800          0.3333          0.4692        1
   92         13950          0.3425          0.4819        2
   93         14100          0.3529          0.4849        3
   94         14250          0.3611          0.4807        4
   95         14400          0.3425          0.4617        0
   96         14550          0.3521          0.4749        1
   97         14700          0.3425          0.4705        0
   98         14850          0.3521          0.4886        1
   99         15000          0.3529          0.4749        2
  100         15150          0.3143          0.4528        0
Optimization terminated: maximum number of generations exceeded.
CSFFDG Vars Analysis - Done
CSFFDG Vars Analysis - Best Features : 
chromosome_csffdg =

     0     0     1     0     1     0     1     1     0     0     1     0     0     1

Elapsed time is 15315.442810 seconds.

Full Vars Analysis - Starting

                               Best           Mean      Stall
Generation      f-count        f(x)           f(x)    Generations
    1           300          0.3766          0.5192        0
    2           450          0.3521          0.5161        0
    3           600          0.3433          0.5079        0
    4           750          0.3803          0.4922        1
    5           900          0.3429          0.5138        0
    6          1050          0.3333          0.4775        0
    7          1200          0.3611          0.5052        1
    8          1350          0.3529          0.4912        0
    9          1500          0.3538          0.4851        1
   10          1650          0.3731          0.5002        2
   11          1800          0.3623           0.505        0
   12          1950          0.3611          0.4955        0
   13          2100          0.3623             0.5        1
   14          2250            0.36          0.4883        0
   15          2400          0.3514          0.4856        0
   16          2550          0.3433          0.5061        0
   17          2700          0.3611          0.5078        1
   18          2850          0.3333          0.4999        0
   19          3000          0.3529          0.4884        1
   20          3150          0.3529          0.5098        2
   21          3300          0.3333          0.4905        0
   22          3450          0.3623          0.4765        1
   23          3600          0.3333          0.5193        0
   24          3750          0.3433           0.511        1
   25          3900          0.3134          0.5051        0
   26          4050          0.3623          0.4891        1
   27          4200          0.3521          0.4926        0
   28          4350          0.3714          0.4917        1
   29          4500          0.3429          0.4898        0
   30          4650          0.3333           0.475        0

                               Best           Mean      Stall
Generation      f-count        f(x)           f(x)    Generations
   31          4800            0.36          0.5212        1
   32          4950          0.3333          0.5107        0
   33          5100          0.3521          0.5212        1
   34          5250          0.3611          0.5297        2
   35          5400          0.3333          0.4944        0
   36          5550          0.3231          0.5049        0
   37          5700          0.3333          0.4977        1
   38          5850          0.3151          0.5147        0
   39          6000          0.3333          0.4771        1
   40          6150          0.3333          0.4915        2
   41          6300          0.3521          0.5058        3
   42          6450          0.3438          0.4984        0
   43          6600          0.3521            0.49        1
   44          6750          0.3429          0.5091        0
   45          6900          0.3529          0.5251        1
   46          7050          0.2836          0.4947        0
   47          7200          0.3521          0.4993        1
   48          7350          0.3151          0.4916        0
   49          7500          0.3611          0.5062        1
   50          7650          0.3143          0.5108        0
   51          7800          0.3333          0.4916        1
   52          7950          0.3425          0.5073        2
   53          8100          0.3333          0.5009        0
   54          8250          0.3239          0.4927        0
   55          8400          0.3429          0.4922        1
   56          8550          0.3611          0.4854        2
   57          8700          0.3433          0.4973        0
   58          8850          0.3243          0.5031        0
   59          9000          0.3333          0.5206        1
   60          9150          0.3429          0.5369        2

                               Best           Mean      Stall
Generation      f-count        f(x)           f(x)    Generations
   61          9300          0.3529          0.5434        3
   62          9450          0.3429          0.5496        0
   63          9600           0.303          0.5289        0
   64          9750          0.3429          0.5113        1
   65          9900          0.3429          0.5138        2
   66         10050          0.3333          0.5488        0
   67         10200          0.3134          0.5113        0
   68         10350          0.3433          0.5458        1
   69         10500          0.3333          0.5307        0
   70         10650          0.3333          0.5013        1
   71         10800          0.3333          0.5281        2
   72         10950          0.3134          0.5063        0
   73         11100          0.3333          0.4688        1
   74         11250          0.3235          0.4925        0
   75         11400          0.3235          0.4786        1
   76         11550          0.3333          0.4998        2
   77         11700          0.3333          0.4755        3
   78         11850          0.3143          0.4778        0
   79         12000          0.3548          0.4693        1
   80         12150          0.3143          0.4737        0
   81         12300          0.3143          0.4853        1
   82         12450          0.3425          0.4862        2
   83         12600          0.3529           0.494        3
   84         12750          0.3235          0.4897        0
   85         12900            0.36           0.504        1
   86         13050          0.3521           0.509        0
   87         13200          0.3235           0.503        0
   88         13350          0.3429          0.4899        1
   89         13500          0.3134          0.4841        0
   90         13650          0.3134          0.4983        1

                               Best           Mean      Stall
Generation      f-count        f(x)           f(x)    Generations
   91         13800          0.3529          0.5145        2
   92         13950          0.3521          0.5011        0
   93         14100          0.3333          0.5042        0
   94         14250          0.3623           0.503        1
   95         14400          0.3433          0.4868        0
   96         14550          0.3235          0.4979        0
   97         14700          0.3611          0.5121        1
   98         14850          0.3333          0.4984        0
   99         15000          0.3623          0.5182        1
  100         15150          0.3239          0.5043        0
Optimization terminated: maximum number of generations exceeded.
Full Vars Analysis - Done
Full Vars Analysis - Best Features : 
chromosome_all =

     0     1     1     0     0     0     1     1     1     0     1     0     0     1     1     0     1     0     1

Elapsed time is 15310.060272 seconds.
