Conversion

CSF Vars Analysis - Starting

                               Best           Mean      Stall
Generation      f-count        f(x)           f(x)    Generations
    1           300          0.1883          0.2743        0
    2           450          0.1908          0.2804        1
    3           600          0.1859          0.2591        0
    4           750          0.1908          0.2558        1
    5           900          0.1908          0.2257        2
    6          1050          0.1908          0.2593        3
    7          1200          0.1908          0.2501        4
    8          1350          0.1908          0.2511        5
    9          1500          0.1908            0.22        6
   10          1650          0.1883          0.2263        0
   11          1800          0.1908          0.2176        1
   12          1950          0.1883          0.2504        0
   13          2100          0.1835          0.2354        0
   14          2250          0.1908          0.2286        1
   15          2400          0.1908          0.2367        2
   16          2550          0.1908          0.2402        3
   17          2700          0.1908          0.2305        4
   18          2850          0.1908          0.2259        5
   19          3000          0.1908          0.2301        6
   20          3150          0.1908          0.2154        7
Optimization terminated: maximum number of generations exceeded.
CSF Vars Analysis - Done
CSF Vars Analysis - Best Features : 
chromosome_csf =

     0     0     0     0     0     0     1     1

Elapsed time is 3272.962368 seconds.

AV45 Vars Analysis - Starting

                               Best           Mean      Stall
Generation      f-count        f(x)           f(x)    Generations
    1           300          0.2198          0.4542        0
    2           450          0.2246          0.4379        1
    3           600          0.2295          0.3974        2
    4           750          0.2005          0.4045        0
    5           900          0.2198          0.3765        1
    6          1050          0.2053          0.3609        0
    7          1200          0.1883          0.3398        0
    8          1350          0.2174          0.3574        1
    9          1500          0.2053          0.3313        0
   10          1650          0.2174           0.298        1
   11          1800          0.2005          0.3187        0
   12          1950          0.2125          0.3202        1
   13          2100          0.2246          0.3263        2
   14          2250          0.2053          0.3003        0
   15          2400          0.1859          0.2955        0
   16          2550          0.2101          0.3196        1
   17          2700          0.2174          0.3329        2
   18          2850          0.2053          0.3201        0
   19          3000          0.1835          0.3191        0
   20          3150          0.2005          0.3088        1
Optimization terminated: maximum number of generations exceeded.
AV45 Vars Analysis - Done
AV45 Vars Analysis - Best Features : 
chromosome_av45 =

     0     1     1     1     1     0     0     0

Elapsed time is 3123.897559 seconds.

FDG Vars Analysis - Starting

                               Best           Mean      Stall
Generation      f-count        f(x)           f(x)    Generations
    1           300          0.2271          0.3128        0
    2           450          0.2103          0.2987        0
    3           600          0.2151           0.304        1
    4           750           0.203          0.2741        0
    5           900          0.2103          0.2871        1
    6          1050          0.2175          0.2865        2
    7          1200           0.203          0.2781        0
    8          1350          0.2103          0.2868        1
    9          1500          0.2078           0.274        0
   10          1650          0.2079          0.2788        1
   11          1800          0.2078          0.2711        0
   12          1950          0.2079          0.2677        1
   13          2100          0.2079          0.2711        2
   14          2250          0.2079          0.2751        3
   15          2400          0.2127          0.2653        4
   16          2550           0.203          0.2703        0
   17          2700          0.2005          0.2672        0
   18          2850          0.1933          0.2691        0
   19          3000          0.2103          0.2772        1
   20          3150          0.2103          0.2718        2
Optimization terminated: maximum number of generations exceeded.
FDG Vars Analysis - Done
FDG Vars Analysis - Best Features : 
chromosome_fdg =

     0     1     1     0     1     1     1     0     1

Elapsed time is 3300.446302 seconds.

BIOMARKERS Vars Analysis - Starting

                               Best           Mean      Stall
Generation      f-count        f(x)           f(x)    Generations
    1           300          0.2248          0.9185        0
    2           450          0.2006          0.8349        0
    3           600          0.2176          0.7251        1
    4           750           0.203          0.6155        0
    5           900          0.2006           0.521        0
    6          1050          0.1861          0.4457        0
    7          1200          0.2054          0.4242        1
    8          1350          0.1813          0.4178        0
    9          1500          0.1813          0.3646        1
   10          1650          0.1813          0.3412        2
   11          1800          0.1909          0.3636        3
   12          1950          0.1885          0.3727        0
   13          2100          0.1813          0.3739        0
   14          2250          0.2054          0.3831        1
   15          2400          0.1813          0.3508        0
   16          2550          0.1813          0.3251        1
   17          2700          0.1789          0.2951        0
   18          2850          0.1885          0.2967        1
   19          3000          0.1789          0.3064        0
   20          3150          0.1764          0.3069        0
   21          3300          0.1764          0.3268        1
   22          3450          0.1909          0.2979        2
   23          3600          0.1813          0.2981        0
   24          3750          0.1789          0.3339        0
   25          3900          0.1958          0.3362        1
   26          4050          0.1958          0.3377        2
   27          4200          0.1813           0.342        0
   28          4350          0.1813          0.3089        1
   29          4500           0.174          0.2949        0
   30          4650          0.1813          0.3093        1

                               Best           Mean      Stall
Generation      f-count        f(x)           f(x)    Generations
   31          4800          0.1837          0.2892        2
   32          4950          0.1861          0.3045        3
   33          5100          0.1789          0.3179        0
   34          5250          0.1764          0.2976        0
   35          5400          0.1813          0.3136        1
   36          5550          0.1934          0.3238        2
   37          5700          0.1764          0.3019        0
   38          5850          0.1789          0.3203        1
   39          6000          0.1813          0.2794        2
   40          6150          0.1861          0.2844        3
   41          6300          0.1885          0.3171        4
   42          6450          0.1813           0.324        0
   43          6600          0.1764          0.3387        0
   44          6750          0.1885          0.3326        1
   45          6900          0.1789          0.3278        0
   46          7050          0.1789          0.3115        1
   47          7200          0.1861          0.3422        2
   48          7350          0.1813          0.3201        0
   49          7500          0.1837          0.3014        1
   50          7650          0.1837          0.3245        2
   51          7800          0.1885          0.3212        3
   52          7950          0.1813          0.3062        0
   53          8100          0.1813          0.3063        1
   54          8250          0.1813          0.3364        2
   55          8400          0.1813          0.3176        3
   56          8550          0.1837          0.3269        4
   57          8700          0.1909           0.331        5
   58          8850          0.1789          0.3274        0
   59          9000          0.1789          0.3074        1
   60          9150          0.1885          0.3094        2

                               Best           Mean      Stall
Generation      f-count        f(x)           f(x)    Generations
   61          9300          0.1861          0.3212        0
   62          9450          0.1813          0.3098        0
   63          9600          0.1764          0.3064        0
   64          9750          0.1885          0.3323        1
   65          9900          0.1789          0.3372        0
   66         10050          0.1813          0.3473        1
   67         10200          0.1837          0.3427        2
   68         10350          0.1813          0.3247        0
   69         10500          0.1837          0.3025        1
   70         10650          0.1789          0.2918        0
   71         10800          0.1789          0.3047        1
   72         10950          0.1861          0.3121        2
   73         11100          0.1861          0.2986        3
   74         11250          0.1837          0.2822        0
   75         11400          0.1667          0.3014        0
   76         11550          0.1764          0.2942        1
   77         11700          0.1716          0.3173        0
   78         11850          0.1885          0.3184        1
   79         12000          0.1837          0.3124        0
   80         12150          0.1813          0.3186        0
   81         12300          0.1764           0.319        0
   82         12450           0.174          0.3072        0
   83         12600          0.1861          0.2994        1
   84         12750          0.1837          0.3231        0
   85         12900          0.1861          0.3314        1
   86         13050          0.1837          0.3473        0
   87         13200          0.1789           0.319        0
   88         13350          0.1837          0.3158        1
   89         13500          0.1885          0.3031        2
   90         13650          0.1861          0.2765        0

                               Best           Mean      Stall
Generation      f-count        f(x)           f(x)    Generations
   91         13800          0.1813          0.3023        0
   92         13950           0.203          0.3341        1
   93         14100          0.1861          0.3368        0
   94         14250          0.1667          0.3368        0
   95         14400          0.1789          0.3212        1
   96         14550          0.1837          0.3239        2
   97         14700          0.1789          0.3265        0
   98         14850          0.1789          0.3158        1
   99         15000          0.1813          0.3035        2
  100         15150          0.1813          0.2848        3
Optimization terminated: maximum number of generations exceeded.
BIOMARKERS Vars Analysis - Done
BIOMARKERS Vars Analysis - Best Features : 
chromosome_biomarker =

     0     0     1     1     0     1     0     0     0     0     1     0     0     1

Elapsed time is 14943.889811 seconds.

CSFAV45 Vars Analysis - Starting

                               Best           Mean      Stall
Generation      f-count        f(x)           f(x)    Generations
    1           300          0.2029          0.4157        0
    2           450          0.2271          0.3823        1
    3           600          0.1859          0.3511        0
    4           750          0.2101          0.3443        1
    5           900          0.1908          0.3344        0
    6          1050          0.2053          0.3417        1
    7          1200          0.2029          0.3333        0
    8          1350          0.1859          0.2999        0
    9          1500          0.1859          0.3253        1
   10          1650          0.1859          0.3253        2
   11          1800          0.1932          0.3091        3
   12          1950          0.1642          0.3168        0
   13          2100          0.1908          0.3202        1
   14          2250          0.1883          0.3396        0
   15          2400          0.1811          0.2947        0
   16          2550          0.1883          0.2922        1
   17          2700          0.1956          0.2866        2
   18          2850           0.169          0.2902        0
   19          3000          0.1714          0.2861        1
   20          3150          0.1811           0.281        2
   21          3300          0.1642          0.2762        0
   22          3450          0.1642          0.2961        1
   23          3600          0.1883           0.286        2
   24          3750          0.1859          0.2766        0
   25          3900          0.1738          0.2923        0
   26          4050          0.1835          0.2986        1
   27          4200          0.1642          0.3077        0
   28          4350          0.1642          0.3179        1
   29          4500          0.1593           0.327        0
   30          4650          0.1714          0.3205        1

                               Best           Mean      Stall
Generation      f-count        f(x)           f(x)    Generations
   31          4800           0.169          0.2977        0
   32          4950          0.1762          0.2981        1
   33          5100           0.169          0.3041        0
   34          5250          0.1666          0.2952        0
   35          5400          0.1666          0.3131        1
   36          5550          0.1835           0.284        2
   37          5700           0.169          0.2925        0
   38          5850          0.1787          0.3099        1
   39          6000          0.1835          0.3102        2
   40          6150          0.1714          0.3041        0
   41          6300          0.1714          0.3078        1
   42          6450          0.1642          0.3087        0
   43          6600          0.1762          0.3136        1
   44          6750          0.1738          0.3133        0
   45          6900          0.1787          0.2981        1
   46          7050          0.1738          0.2923        0
   47          7200           0.169          0.2791        0
   48          7350          0.1811          0.3242        1
   49          7500          0.1883          0.3261        2
   50          7650          0.1835          0.3133        0
   51          7800          0.1738          0.2971        0
   52          7950           0.169          0.2957        0
   53          8100          0.1883          0.3026        1
   54          8250          0.1642          0.3234        0
   55          8400          0.1714          0.3112        1
   56          8550           0.169          0.3276        0
   57          8700          0.1666          0.3218        0
   58          8850          0.1714          0.3389        1
   59          9000          0.1714          0.3116        2
   60          9150           0.169          0.2706        0

                               Best           Mean      Stall
Generation      f-count        f(x)           f(x)    Generations
   61          9300          0.1883          0.2792        1
   62          9450          0.1908          0.3163        2
   63          9600           0.169          0.2986        0
   64          9750          0.1714           0.307        1
   65          9900          0.1859           0.283        2
   66         10050          0.1811          0.3003        0
   67         10200          0.1738          0.2881        0
   68         10350          0.1835          0.3205        1
   69         10500          0.1714          0.3088        0
   70         10650          0.1835          0.2993        1
   71         10800           0.169           0.327        0
   72         10950          0.1859          0.3259        1
   73         11100          0.1714           0.294        0
   74         11250          0.1666           0.302        0
   75         11400          0.1908          0.3017        1
   76         11550          0.1666          0.3147        0
   77         11700          0.1738           0.324        1
   78         11850          0.1738          0.3275        2
   79         12000          0.1666          0.3344        0
   80         12150          0.1642          0.3257        0
   81         12300          0.1666          0.3132        1
   82         12450           0.169          0.2802        2
   83         12600          0.1859          0.3107        3
   84         12750           0.169          0.3051        0
   85         12900          0.1738           0.283        1
   86         13050          0.1714          0.2719        0
   87         13200          0.1666          0.2796        0
   88         13350           0.169          0.2786        1
   89         13500          0.1859           0.288        2
   90         13650          0.1859          0.2852        3

                               Best           Mean      Stall
Generation      f-count        f(x)           f(x)    Generations
   91         13800          0.1738          0.2747        0
   92         13950           0.169          0.2811        0
   93         14100          0.1835          0.2862        1
   94         14250          0.1738           0.279        0
   95         14400           0.169          0.3102        0
   96         14550          0.1714          0.2712        1
   97         14700           0.169          0.2717        0
   98         14850          0.1835           0.279        1
   99         15000          0.1738          0.2937        0
  100         15150          0.1666          0.3204        0
Optimization terminated: maximum number of generations exceeded.
CSFAV45 Vars Analysis - Done
CSFAV45 Vars Analysis - Best Features : 
chromosome_csfav45 =

     0     0     1     0     0     1     1     1     1     0     1     0     1

Elapsed time is 15584.651386 seconds.

CSFFDG Vars Analysis - Starting

                               Best           Mean      Stall
Generation      f-count        f(x)           f(x)    Generations
    1           300          0.2151          0.4665        0
    2           450          0.1813          0.4518        0
    3           600          0.2054          0.4082        1
    4           750          0.1861           0.356        0
    5           900          0.2054          0.3823        1
    6          1050          0.1982          0.3353        0
    7          1200           0.203           0.315        1
    8          1350          0.1934          0.3082        0
    9          1500          0.1957           0.307        1
   10          1650          0.1861          0.2832        0
   11          1800          0.2006          0.3222        1
   12          1950          0.1861          0.3134        0
   13          2100          0.1837          0.3295        0
   14          2250          0.1909          0.3359        1
   15          2400          0.1958          0.3268        2
   16          2550          0.1619          0.3292        0
   17          2700          0.1933           0.345        1
   18          2850          0.1885          0.3182        0
   19          3000          0.2079          0.3286        1
   20          3150          0.1837          0.2841        0
   21          3300          0.2006          0.2904        1
   22          3450          0.1909           0.301        0
   23          3600          0.1861          0.2913        0
   24          3750          0.1691          0.3088        0
   25          3900          0.1764          0.3035        1
   26          4050          0.1885          0.3058        2
   27          4200          0.1813          0.3345        0
   28          4350          0.1667          0.3047        0
   29          4500          0.1982          0.3013        1
   30          4650          0.1885          0.3202        0

                               Best           Mean      Stall
Generation      f-count        f(x)           f(x)    Generations
   31          4800          0.1789          0.2971        0
   32          4950           0.174          0.2963        0
   33          5100          0.1813          0.2916        1
   34          5250          0.1909          0.3055        2
   35          5400          0.1861          0.3428        0
   36          5550          0.1861          0.3254        1
   37          5700          0.1934          0.3185        2
   38          5850          0.1789          0.2944        0
   39          6000          0.1861          0.3186        1
   40          6150          0.1837          0.3248        0
   41          6300          0.1813          0.3212        0
   42          6450          0.1837           0.338        1
   43          6600          0.1813          0.3485        0
   44          6750          0.1813           0.332        1
   45          6900          0.1716          0.3239        0
   46          7050          0.1861          0.3195        1
   47          7200           0.191          0.3119        2
   48          7350          0.1813          0.3379        0
   49          7500          0.1764          0.3171        0
   50          7650          0.1813          0.3088        1
   51          7800          0.1861          0.3244        2
   52          7950          0.1958          0.3383        3
   53          8100           0.174          0.3089        0
   54          8250          0.1716           0.354        0
   55          8400          0.1764          0.3362        1
   56          8550          0.1885          0.3146        2
   57          8700          0.1764          0.3009        0
   58          8850          0.1861          0.3232        1
   59          9000          0.1885          0.2748        2
   60          9150          0.1837          0.2814        0

                               Best           Mean      Stall
Generation      f-count        f(x)           f(x)    Generations
   61          9300           0.174          0.2696        0
   62          9450          0.1716          0.2825        0
   63          9600           0.203          0.3036        1
   64          9750          0.1667          0.3027        0
   65          9900          0.1813          0.3127        1
   66         10050          0.1619             0.3        0
   67         10200          0.1885          0.2912        1
   68         10350          0.1813          0.2869        0
   69         10500          0.1789          0.2973        0
   70         10650          0.1789          0.3013        1
   71         10800          0.1837          0.2918        2
   72         10950          0.1691          0.2943        0
   73         11100          0.1789          0.3002        1
   74         11250          0.1764          0.3141        0
   75         11400          0.1861          0.2795        1
   76         11550          0.1861          0.3212        2
   77         11700          0.1813          0.3169        0
   78         11850          0.1813          0.2881        1
   79         12000          0.1789          0.3094        0
   80         12150          0.1885          0.2891        1
   81         12300          0.1933          0.3266        2
   82         12450          0.1764          0.3383        0
   83         12600          0.1813          0.3292        1
   84         12750          0.1861          0.3323        2
   85         12900          0.1813          0.3128        0
   86         13050           0.174          0.3165        0
   87         13200          0.1764          0.3136        1
   88         13350          0.1861          0.3312        2
   89         13500          0.1861          0.3418        3
   90         13650          0.1885          0.3113        4

                               Best           Mean      Stall
Generation      f-count        f(x)           f(x)    Generations
   91         13800          0.1861          0.3093        0
   92         13950          0.1789          0.3344        0
   93         14100          0.1764          0.3214        0
   94         14250          0.1813          0.2953        1
   95         14400          0.1861          0.2931        2
   96         14550          0.1764           0.312        0
   97         14700          0.1716          0.3177        0
   98         14850          0.1764          0.3204        1
   99         15000          0.1861          0.3252        2
  100         15150          0.1886          0.3208        3
Optimization terminated: maximum number of generations exceeded.
CSFFDG Vars Analysis - Done
CSFFDG Vars Analysis - Best Features : 
chromosome_csffdg =

     0     0     0     0     1     0     0     1     0     0     1     0     0     1

Elapsed time is 15400.118985 seconds.

Full Vars Analysis - Starting

                               Best           Mean      Stall
Generation      f-count        f(x)           f(x)    Generations
    1           300           0.203          0.6776        0
    2           450          0.1837          0.5895        0
    3           600          0.2103          0.5187        1
    4           750          0.2152          0.4561        2
    5           900          0.1813           0.383        0
    6          1050          0.1885          0.4211        1
    7          1200           0.203          0.3894        2
    8          1350          0.1837          0.3948        0
    9          1500          0.1813          0.3588        0
   10          1650          0.1813          0.3668        1
   11          1800          0.1813          0.3696        2
   12          1950           0.191          0.4162        3
   13          2100          0.1837          0.3957        0
   14          2250          0.1813          0.4071        0
   15          2400          0.1789          0.3522        0
   16          2550          0.1909          0.3895        1
   17          2700          0.1885          0.3613        0
   18          2850          0.1982          0.3191        1
   19          3000          0.1861          0.2929        0
   20          3150          0.1667          0.3136        0
   21          3300          0.1861          0.3426        1
   22          3450          0.1716           0.363        0
   23          3600          0.1764          0.3445        1
   24          3750          0.1813          0.3401        2
   25          3900          0.1789          0.3634        0
   26          4050           0.174          0.3318        0
   27          4200          0.1813          0.3722        1
   28          4350          0.1595           0.327        0
   29          4500          0.1764          0.3353        1
   30          4650          0.1789          0.3433        2

                               Best           Mean      Stall
Generation      f-count        f(x)           f(x)    Generations
   31          4800          0.1789          0.3531        3
   32          4950          0.1813          0.3627        4
   33          5100          0.1764          0.3733        0
   34          5250          0.1813          0.3499        1
   35          5400          0.1789          0.3436        0
   36          5550          0.1813          0.3465        1
   37          5700          0.1813          0.3495        2
   38          5850          0.1764          0.3418        0
   39          6000          0.1813          0.3341        1
   40          6150          0.1764            0.32        0
   41          6300          0.1764          0.3544        1
   42          6450          0.1789          0.3213        2
   43          6600          0.1837          0.3527        3
   44          6750          0.1837          0.3463        4
   45          6900          0.1764          0.3394        0
   46          7050           0.174            0.35        0
   47          7200          0.1789          0.3283        1
   48          7350          0.1789          0.3635        2
   49          7500          0.1789          0.3479        3
   50          7650          0.1789          0.3107        4
   51          7800          0.1789          0.3145        5
   52          7950          0.1837          0.3196        6
   53          8100          0.1813          0.2932        0
   54          8250          0.1716          0.3174        0
   55          8400          0.1789          0.3394        1
   56          8550          0.1789          0.3279        2
   57          8700           0.174          0.3432        0
   58          8850          0.1619          0.3245        0
   59          9000          0.1716          0.3231        1
   60          9150          0.1789          0.3226        2

                               Best           Mean      Stall
Generation      f-count        f(x)           f(x)    Generations
   61          9300          0.1837          0.3238        3
   62          9450          0.1764          0.3352        0
   63          9600          0.1789          0.3355        1
   64          9750          0.1789          0.3291        2
   65          9900          0.1764          0.3247        0
   66         10050           0.174          0.3551        0
   67         10200          0.1716          0.3014        0
   68         10350          0.1861          0.2981        1
   69         10500          0.1813          0.3252        0
   70         10650          0.1764          0.3475        0
   71         10800           0.174          0.3336        0
   72         10950          0.1764          0.3259        1
   73         11100          0.1813          0.3385        2
   74         11250          0.1716          0.3254        0
   75         11400          0.1716          0.3747        1
   76         11550          0.1813          0.3627        2
   77         11700          0.1813          0.3593        3
   78         11850          0.1788          0.3538        0
   79         12000           0.174          0.3312        0
   80         12150          0.1837          0.3367        1
   81         12300          0.1764          0.3474        0
   82         12450          0.1789           0.309        1
   83         12600          0.1789          0.3213        2
   84         12750          0.1789          0.2984        3
   85         12900          0.1837          0.3594        4
   86         13050          0.1789           0.305        0
   87         13200          0.1813          0.3088        1
   88         13350          0.1813          0.3049        2
   89         13500          0.1764           0.302        0
   90         13650           0.174          0.3326        0

                               Best           Mean      Stall
Generation      f-count        f(x)           f(x)    Generations
   91         13800          0.1813          0.3095        1
   92         13950          0.1764          0.3408        0
   93         14100          0.1716          0.3152        0
   94         14250          0.1789          0.3235        1
   95         14400          0.1813           0.346        2
   96         14550          0.1789          0.3149        0
   97         14700          0.1813          0.3095        1
   98         14850          0.1716          0.3338        0
   99         15000           0.174          0.3606        1
  100         15150          0.1789          0.3386        2
Optimization terminated: maximum number of generations exceeded.
Full Vars Analysis - Done
Full Vars Analysis - Best Features : 
chromosome_all =

     1     0     1     0     1     0     0     1     0     0     0     1     0     1     0     1     0     0     1

Elapsed time is 14709.754142 seconds.
